mode: set
project/kutsuya/features/produk/usecase/logic.go:12.61,17.2 1 1
project/kutsuya/features/produk/usecase/logic.go:19.70,23.2 2 1
project/kutsuya/features/produk/usecase/logic.go:25.78,26.57 1 1
project/kutsuya/features/produk/usecase/logic.go:31.2,32.17 2 1
project/kutsuya/features/produk/usecase/logic.go:26.57,29.3 1 0
project/kutsuya/features/produk/usecase/logic.go:36.87,40.2 2 1
project/kutsuya/features/produk/usecase/logic.go:42.81,45.2 2 1
project/kutsuya/features/produk/usecase/logic.go:47.85,50.2 2 1
