mode: set
project/kutsuya/features/shopping_cart/usecase/logic.go:14.94,19.2 1 1
project/kutsuya/features/shopping_cart/usecase/logic.go:21.73,22.55 1 0
project/kutsuya/features/shopping_cart/usecase/logic.go:26.2,27.22 2 0
project/kutsuya/features/shopping_cart/usecase/logic.go:31.2,38.17 7 0
project/kutsuya/features/shopping_cart/usecase/logic.go:22.55,24.3 1 0
project/kutsuya/features/shopping_cart/usecase/logic.go:27.22,29.3 1 0
project/kutsuya/features/shopping_cart/usecase/logic.go:42.75,46.2 2 1
project/kutsuya/features/produk/usecase/logic.go:12.61,17.2 1 1
project/kutsuya/features/produk/usecase/logic.go:19.70,23.2 2 1
project/kutsuya/features/produk/usecase/logic.go:25.78,26.57 1 1
project/kutsuya/features/produk/usecase/logic.go:31.2,32.17 2 1
project/kutsuya/features/produk/usecase/logic.go:26.57,29.3 1 0
project/kutsuya/features/produk/usecase/logic.go:36.87,40.2 2 1
project/kutsuya/features/produk/usecase/logic.go:42.81,45.2 2 1
project/kutsuya/features/produk/usecase/logic.go:47.85,50.2 2 1
project/kutsuya/features/user/usecase/logic.go:12.57,16.2 1 1
project/kutsuya/features/user/usecase/logic.go:18.64,20.16 2 0
project/kutsuya/features/user/usecase/logic.go:23.2,23.20 1 0
project/kutsuya/features/user/usecase/logic.go:20.16,22.3 1 0
project/kutsuya/features/user/usecase/logic.go:26.75,27.69 1 1
project/kutsuya/features/user/usecase/logic.go:31.2,32.16 2 1
project/kutsuya/features/user/usecase/logic.go:36.2,36.24 1 1
project/kutsuya/features/user/usecase/logic.go:27.69,29.3 1 0
project/kutsuya/features/user/usecase/logic.go:32.16,34.3 1 0
project/kutsuya/features/user/usecase/logic.go:40.71,41.45 1 0
project/kutsuya/features/user/usecase/logic.go:45.2,46.16 2 0
project/kutsuya/features/user/usecase/logic.go:50.2,50.19 1 0
project/kutsuya/features/user/usecase/logic.go:41.45,43.3 1 0
project/kutsuya/features/user/usecase/logic.go:46.16,48.3 1 0
project/kutsuya/features/user/usecase/logic.go:54.66,57.2 2 0
project/kutsuya/features/user/usecase/logic.go:59.61,61.16 2 0
project/kutsuya/features/user/usecase/logic.go:64.2,64.20 1 0
project/kutsuya/features/user/usecase/logic.go:61.16,63.3 1 0
